

Started GET "/" for 127.0.0.1 at 2013-05-16 14:59:29 -0400
Processing by BrowseController#home as HTML
Filter chain halted as #<Proc:0x000000039a92c0@/usr/local/lib/ruby/gems/1.9.1/gems/actionpack-3.2.1/lib/action_controller/metal/http_authentication.rb:112> rendered or redirected
Completed 401 Unauthorized in 1ms (ActiveRecord: 0.0ms)


Started GET "/" for 127.0.0.1 at 2013-05-16 14:59:38 -0400
Processing by BrowseController#home as HTML
  Rendered browse/home.html.erb within layouts/application (18.2ms)
Compiled bootstrap_and_overrides.css  (3595ms)  (pid 3507)
Compiled application.css  (7ms)  (pid 3507)
Compiled bootstrap.css  (2727ms)  (pid 3507)
Compiled bootstrap-transition.js  (0ms)  (pid 3507)
Compiled bootstrap-affix.js  (0ms)  (pid 3507)
Compiled bootstrap-alert.js  (0ms)  (pid 3507)
Compiled bootstrap-button.js  (0ms)  (pid 3507)
Compiled bootstrap-carousel.js  (0ms)  (pid 3507)
Compiled bootstrap-collapse.js  (0ms)  (pid 3507)
Compiled bootstrap-dropdown.js  (0ms)  (pid 3507)
Compiled bootstrap-modal.js  (0ms)  (pid 3507)
Compiled bootstrap-scrollspy.js  (0ms)  (pid 3507)
Compiled bootstrap-tab.js  (0ms)  (pid 3507)
Compiled bootstrap-tooltip.js  (0ms)  (pid 3507)
Compiled bootstrap-popover.js  (0ms)  (pid 3507)
Compiled bootstrap-typeahead.js  (0ms)  (pid 3507)
Compiled bootstrap.js  (535ms)  (pid 3507)
Compiled jquery.js  (44ms)  (pid 3507)
Compiled jquery_ujs.js  (0ms)  (pid 3507)
Compiled application.js  (204ms)  (pid 3507)
Completed 200 OK in 7891ms (Views: 7890.2ms | ActiveRecord: 0.0ms)


Started GET "/assets/application.css?body=1" for 127.0.0.1 at 2013-05-16 14:59:46 -0400
Served asset /application.css - 200 OK (71ms)


Started GET "/assets/bootstrap-responsive.css?body=1" for 127.0.0.1 at 2013-05-16 14:59:46 -0400
Served asset /bootstrap-responsive.css - 200 OK (3ms)


Started GET "/assets/prototypes.css?body=1" for 127.0.0.1 at 2013-05-16 14:59:46 -0400
Served asset /prototypes.css - 200 OK (2ms)


Started GET "/assets/bid.css?body=1" for 127.0.0.1 at 2013-05-16 14:59:46 -0400
Served asset /bid.css - 200 OK (1ms)


Started GET "/assets/bootstrap_and_overrides.css?body=1" for 127.0.0.1 at 2013-05-16 14:59:46 -0400
Served asset /bootstrap_and_overrides.css - 200 OK (13ms)


Started GET "/assets/browse.css?body=1" for 127.0.0.1 at 2013-05-16 14:59:46 -0400
Served asset /browse.css - 200 OK (2ms)


Started GET "/assets/scaffolds.css?body=1" for 127.0.0.1 at 2013-05-16 14:59:46 -0400
Served asset /scaffolds.css - 200 OK (4ms)


Started GET "/assets/bootstrap.css?body=1" for 127.0.0.1 at 2013-05-16 14:59:46 -0400
Served asset /bootstrap.css - 200 OK (8ms)


Started GET "/assets/bootstrap-transition.js?body=1" for 127.0.0.1 at 2013-05-16 14:59:46 -0400
Served asset /bootstrap-transition.js - 200 OK (3ms)


Started GET "/assets/bootstrap-affix.js?body=1" for 127.0.0.1 at 2013-05-16 14:59:46 -0400
Served asset /bootstrap-affix.js - 200 OK (2ms)


Started GET "/assets/bootstrap-alert.js?body=1" for 127.0.0.1 at 2013-05-16 14:59:46 -0400
Served asset /bootstrap-alert.js - 200 OK (3ms)


Started GET "/assets/bootstrap-button.js?body=1" for 127.0.0.1 at 2013-05-16 14:59:46 -0400
Served asset /bootstrap-button.js - 200 OK (3ms)


Started GET "/assets/bootstrap-carousel.js?body=1" for 127.0.0.1 at 2013-05-16 14:59:46 -0400
Served asset /bootstrap-carousel.js - 200 OK (2ms)


Started GET "/assets/bootstrap-collapse.js?body=1" for 127.0.0.1 at 2013-05-16 14:59:46 -0400
Served asset /bootstrap-collapse.js - 200 OK (7ms)


Started GET "/assets/bootstrap-modal.js?body=1" for 127.0.0.1 at 2013-05-16 14:59:46 -0400
Served asset /bootstrap-modal.js - 200 OK (3ms)


Started GET "/assets/bootstrap-dropdown.js?body=1" for 127.0.0.1 at 2013-05-16 14:59:46 -0400
Served asset /bootstrap-dropdown.js - 200 OK (7ms)


Started GET "/assets/bootstrap-scrollspy.js?body=1" for 127.0.0.1 at 2013-05-16 14:59:46 -0400
Served asset /bootstrap-scrollspy.js - 200 OK (7ms)


Started GET "/assets/bootstrap-tab.js?body=1" for 127.0.0.1 at 2013-05-16 14:59:46 -0400
Served asset /bootstrap-tab.js - 200 OK (7ms)


Started GET "/assets/bootstrap-tooltip.js?body=1" for 127.0.0.1 at 2013-05-16 14:59:46 -0400
Served asset /bootstrap-tooltip.js - 200 OK (10ms)


Started GET "/assets/bootstrap-popover.js?body=1" for 127.0.0.1 at 2013-05-16 14:59:46 -0400
Served asset /bootstrap-popover.js - 200 OK (3ms)


Started GET "/assets/bootstrap-typeahead.js?body=1" for 127.0.0.1 at 2013-05-16 14:59:46 -0400
Served asset /bootstrap-typeahead.js - 200 OK (6ms)


Started GET "/assets/bootstrap.js?body=1" for 127.0.0.1 at 2013-05-16 14:59:46 -0400
Served asset /bootstrap.js - 200 OK (21ms)


Started GET "/assets/jquery.js?body=1" for 127.0.0.1 at 2013-05-16 14:59:46 -0400
Served asset /jquery.js - 200 OK (3ms)


Started GET "/assets/jquery_ujs.js?body=1" for 127.0.0.1 at 2013-05-16 14:59:46 -0400
Served asset /jquery_ujs.js - 200 OK (4ms)


Started GET "/assets/bid.js?body=1" for 127.0.0.1 at 2013-05-16 14:59:46 -0400
Served asset /bid.js - 200 OK (1ms)


Started GET "/assets/browse.js?body=1" for 127.0.0.1 at 2013-05-16 14:59:46 -0400
Served asset /browse.js - 200 OK (2ms)


Started GET "/assets/prototypes.js?body=1" for 127.0.0.1 at 2013-05-16 14:59:46 -0400
Served asset /prototypes.js - 200 OK (4ms)


Started GET "/assets/application.js?body=1" for 127.0.0.1 at 2013-05-16 14:59:46 -0400
Served asset /application.js - 200 OK (9ms)


Started GET "/assets/logo.png" for 127.0.0.1 at 2013-05-16 14:59:47 -0400
Served asset /logo.png - 404 Not Found (8ms)

ActionController::RoutingError (No route matches [GET] "/assets/logo.png"):
  actionpack (3.2.1) lib/action_dispatch/middleware/debug_exceptions.rb:21:in `call'
  actionpack (3.2.1) lib/action_dispatch/middleware/show_exceptions.rb:56:in `call'
  railties (3.2.1) lib/rails/rack/logger.rb:26:in `call_app'
  railties (3.2.1) lib/rails/rack/logger.rb:16:in `call'
  actionpack (3.2.1) lib/action_dispatch/middleware/request_id.rb:22:in `call'
  rack (1.4.5) lib/rack/methodoverride.rb:21:in `call'
  rack (1.4.5) lib/rack/runtime.rb:17:in `call'
  activesupport (3.2.1) lib/active_support/cache/strategy/local_cache.rb:72:in `call'
  rack (1.4.5) lib/rack/lock.rb:15:in `call'
  actionpack (3.2.1) lib/action_dispatch/middleware/static.rb:53:in `call'
  railties (3.2.1) lib/rails/engine.rb:479:in `call'
  railties (3.2.1) lib/rails/application.rb:220:in `call'
  rack (1.4.5) lib/rack/content_length.rb:14:in `call'
  railties (3.2.1) lib/rails/rack/log_tailer.rb:14:in `call'
  rack (1.4.5) lib/rack/handler/webrick.rb:59:in `service'
  /usr/local/lib/ruby/1.9.1/webrick/httpserver.rb:138:in `service'
  /usr/local/lib/ruby/1.9.1/webrick/httpserver.rb:94:in `run'
  /usr/local/lib/ruby/1.9.1/webrick/server.rb:191:in `block in start_thread'


  Rendered /usr/local/lib/ruby/gems/1.9.1/gems/actionpack-3.2.1/lib/action_dispatch/middleware/templates/rescues/routing_error.erb within rescues/layout (0.7ms)


Started GET "/assets/favicon.ico" for 127.0.0.1 at 2013-05-16 14:59:47 -0400
Served asset /favicon.ico - 200 OK (11ms)


Started GET "/browse/home" for 127.0.0.1 at 2013-05-16 14:59:52 -0400
Processing by BrowseController#home as HTML
  Rendered browse/home.html.erb within layouts/application (0.4ms)
Completed 200 OK in 15ms (Views: 15.1ms | ActiveRecord: 0.0ms)


Started GET "/assets/logo.png" for 127.0.0.1 at 2013-05-16 14:59:53 -0400
Served asset /logo.png - 404 Not Found (5ms)

ActionController::RoutingError (No route matches [GET] "/assets/logo.png"):
  actionpack (3.2.1) lib/action_dispatch/middleware/debug_exceptions.rb:21:in `call'
  actionpack (3.2.1) lib/action_dispatch/middleware/show_exceptions.rb:56:in `call'
  railties (3.2.1) lib/rails/rack/logger.rb:26:in `call_app'
  railties (3.2.1) lib/rails/rack/logger.rb:16:in `call'
  actionpack (3.2.1) lib/action_dispatch/middleware/request_id.rb:22:in `call'
  rack (1.4.5) lib/rack/methodoverride.rb:21:in `call'
  rack (1.4.5) lib/rack/runtime.rb:17:in `call'
  activesupport (3.2.1) lib/active_support/cache/strategy/local_cache.rb:72:in `call'
  rack (1.4.5) lib/rack/lock.rb:15:in `call'
  actionpack (3.2.1) lib/action_dispatch/middleware/static.rb:53:in `call'
  railties (3.2.1) lib/rails/engine.rb:479:in `call'
  railties (3.2.1) lib/rails/application.rb:220:in `call'
  rack (1.4.5) lib/rack/content_length.rb:14:in `call'
  railties (3.2.1) lib/rails/rack/log_tailer.rb:14:in `call'
  rack (1.4.5) lib/rack/handler/webrick.rb:59:in `service'
  /usr/local/lib/ruby/1.9.1/webrick/httpserver.rb:138:in `service'
  /usr/local/lib/ruby/1.9.1/webrick/httpserver.rb:94:in `run'
  /usr/local/lib/ruby/1.9.1/webrick/server.rb:191:in `block in start_thread'


  Rendered /usr/local/lib/ruby/gems/1.9.1/gems/actionpack-3.2.1/lib/action_dispatch/middleware/templates/rescues/routing_error.erb within rescues/layout (0.6ms)


Started GET "/users/sign_in" for 127.0.0.1 at 2013-05-16 14:59:55 -0400
Processing by Devise::SessionsController#new as HTML
  Rendered devise/shared/_links.erb (2.5ms)
  Rendered devise/sessions/new.html.erb within layouts/application (88.3ms)
Completed 200 OK in 319ms (Views: 145.7ms | ActiveRecord: 3.1ms)


Started GET "/assets/logo.png" for 127.0.0.1 at 2013-05-16 14:59:55 -0400
Served asset /logo.png - 404 Not Found (5ms)

ActionController::RoutingError (No route matches [GET] "/assets/logo.png"):
  actionpack (3.2.1) lib/action_dispatch/middleware/debug_exceptions.rb:21:in `call'
  actionpack (3.2.1) lib/action_dispatch/middleware/show_exceptions.rb:56:in `call'
  railties (3.2.1) lib/rails/rack/logger.rb:26:in `call_app'
  railties (3.2.1) lib/rails/rack/logger.rb:16:in `call'
  actionpack (3.2.1) lib/action_dispatch/middleware/request_id.rb:22:in `call'
  rack (1.4.5) lib/rack/methodoverride.rb:21:in `call'
  rack (1.4.5) lib/rack/runtime.rb:17:in `call'
  activesupport (3.2.1) lib/active_support/cache/strategy/local_cache.rb:72:in `call'
  rack (1.4.5) lib/rack/lock.rb:15:in `call'
  actionpack (3.2.1) lib/action_dispatch/middleware/static.rb:53:in `call'
  railties (3.2.1) lib/rails/engine.rb:479:in `call'
  railties (3.2.1) lib/rails/application.rb:220:in `call'
  rack (1.4.5) lib/rack/content_length.rb:14:in `call'
  railties (3.2.1) lib/rails/rack/log_tailer.rb:14:in `call'
  rack (1.4.5) lib/rack/handler/webrick.rb:59:in `service'
  /usr/local/lib/ruby/1.9.1/webrick/httpserver.rb:138:in `service'
  /usr/local/lib/ruby/1.9.1/webrick/httpserver.rb:94:in `run'
  /usr/local/lib/ruby/1.9.1/webrick/server.rb:191:in `block in start_thread'


  Rendered /usr/local/lib/ruby/gems/1.9.1/gems/actionpack-3.2.1/lib/action_dispatch/middleware/templates/rescues/routing_error.erb within rescues/layout (0.6ms)


Started POST "/users/sign_in" for 127.0.0.1 at 2013-05-16 15:00:06 -0400
Processing by Devise::SessionsController#create as HTML
  Parameters: {"utf8"=>"✓", "authenticity_token"=>"BSUgiqbhoqDYXD0DXPF7tP6WFSBMT7s8Hir+1uJuK+0=", "user"=>{"email"=>"christianlondono91@gmail.com", "password"=>"[FILTERED]", "remember_me"=>"0"}, "commit"=>"Sign in"}
  [1m[36mUser Load (0.9ms)[0m  [1mSELECT "users".* FROM "users" WHERE "users"."email" = 'christianlondono91@gmail.com' LIMIT 1[0m
Completed 401 Unauthorized in 120ms
Processing by Devise::SessionsController#new as HTML
  Parameters: {"utf8"=>"✓", "authenticity_token"=>"BSUgiqbhoqDYXD0DXPF7tP6WFSBMT7s8Hir+1uJuK+0=", "user"=>{"email"=>"christianlondono91@gmail.com", "password"=>"[FILTERED]", "remember_me"=>"0"}, "commit"=>"Sign in"}
  Rendered devise/shared/_links.erb (0.4ms)
  Rendered devise/sessions/new.html.erb within layouts/application (3.7ms)
Completed 200 OK in 131ms (Views: 52.8ms | ActiveRecord: 0.0ms)


Started GET "/assets/logo.png" for 127.0.0.1 at 2013-05-16 15:00:06 -0400
Served asset /logo.png - 404 Not Found (6ms)

ActionController::RoutingError (No route matches [GET] "/assets/logo.png"):
  actionpack (3.2.1) lib/action_dispatch/middleware/debug_exceptions.rb:21:in `call'
  actionpack (3.2.1) lib/action_dispatch/middleware/show_exceptions.rb:56:in `call'
  railties (3.2.1) lib/rails/rack/logger.rb:26:in `call_app'
  railties (3.2.1) lib/rails/rack/logger.rb:16:in `call'
  actionpack (3.2.1) lib/action_dispatch/middleware/request_id.rb:22:in `call'
  rack (1.4.5) lib/rack/methodoverride.rb:21:in `call'
  rack (1.4.5) lib/rack/runtime.rb:17:in `call'
  activesupport (3.2.1) lib/active_support/cache/strategy/local_cache.rb:72:in `call'
  rack (1.4.5) lib/rack/lock.rb:15:in `call'
  actionpack (3.2.1) lib/action_dispatch/middleware/static.rb:53:in `call'
  railties (3.2.1) lib/rails/engine.rb:479:in `call'
  railties (3.2.1) lib/rails/application.rb:220:in `call'
  rack (1.4.5) lib/rack/content_length.rb:14:in `call'
  railties (3.2.1) lib/rails/rack/log_tailer.rb:14:in `call'
  rack (1.4.5) lib/rack/handler/webrick.rb:59:in `service'
  /usr/local/lib/ruby/1.9.1/webrick/httpserver.rb:138:in `service'
  /usr/local/lib/ruby/1.9.1/webrick/httpserver.rb:94:in `run'
  /usr/local/lib/ruby/1.9.1/webrick/server.rb:191:in `block in start_thread'


  Rendered /usr/local/lib/ruby/gems/1.9.1/gems/actionpack-3.2.1/lib/action_dispatch/middleware/templates/rescues/routing_error.erb within rescues/layout (0.6ms)


Started POST "/users/sign_in" for 127.0.0.1 at 2013-05-16 15:00:09 -0400
Processing by Devise::SessionsController#create as HTML
  Parameters: {"utf8"=>"✓", "authenticity_token"=>"BSUgiqbhoqDYXD0DXPF7tP6WFSBMT7s8Hir+1uJuK+0=", "user"=>{"email"=>"christianlondono91@gmail.com", "password"=>"[FILTERED]", "remember_me"=>"0"}, "commit"=>"Sign in"}
  [1m[35mUser Load (0.5ms)[0m  SELECT "users".* FROM "users" WHERE "users"."email" = 'christianlondono91@gmail.com' LIMIT 1
  [1m[36m (0.1ms)[0m  [1mbegin transaction[0m
  [1m[35m (1.6ms)[0m  UPDATE "users" SET "last_sign_in_at" = '2013-05-08 18:14:39.160214', "current_sign_in_at" = '2013-05-16 19:00:09.742281', "sign_in_count" = 7 WHERE "users"."id" = 1
  [1m[36m (150.3ms)[0m  [1mcommit transaction[0m
Redirected to http://localhost:3000/
Completed 302 Found in 353ms (ActiveRecord: 0.0ms)


Started GET "/" for 127.0.0.1 at 2013-05-16 15:00:10 -0400
Processing by BrowseController#home as HTML
  [1m[35mUser Load (0.4ms)[0m  SELECT "users".* FROM "users" WHERE "users"."id" = 1 LIMIT 1
  Rendered browse/home.html.erb within layouts/application (1.6ms)
Completed 200 OK in 24ms (Views: 23.6ms | ActiveRecord: 0.4ms)


Started GET "/assets/logo.png" for 127.0.0.1 at 2013-05-16 15:00:10 -0400
Served asset /logo.png - 404 Not Found (5ms)

ActionController::RoutingError (No route matches [GET] "/assets/logo.png"):
  actionpack (3.2.1) lib/action_dispatch/middleware/debug_exceptions.rb:21:in `call'
  actionpack (3.2.1) lib/action_dispatch/middleware/show_exceptions.rb:56:in `call'
  railties (3.2.1) lib/rails/rack/logger.rb:26:in `call_app'
  railties (3.2.1) lib/rails/rack/logger.rb:16:in `call'
  actionpack (3.2.1) lib/action_dispatch/middleware/request_id.rb:22:in `call'
  rack (1.4.5) lib/rack/methodoverride.rb:21:in `call'
  rack (1.4.5) lib/rack/runtime.rb:17:in `call'
  activesupport (3.2.1) lib/active_support/cache/strategy/local_cache.rb:72:in `call'
  rack (1.4.5) lib/rack/lock.rb:15:in `call'
  actionpack (3.2.1) lib/action_dispatch/middleware/static.rb:53:in `call'
  railties (3.2.1) lib/rails/engine.rb:479:in `call'
  railties (3.2.1) lib/rails/application.rb:220:in `call'
  rack (1.4.5) lib/rack/content_length.rb:14:in `call'
  railties (3.2.1) lib/rails/rack/log_tailer.rb:14:in `call'
  rack (1.4.5) lib/rack/handler/webrick.rb:59:in `service'
  /usr/local/lib/ruby/1.9.1/webrick/httpserver.rb:138:in `service'
  /usr/local/lib/ruby/1.9.1/webrick/httpserver.rb:94:in `run'
  /usr/local/lib/ruby/1.9.1/webrick/server.rb:191:in `block in start_thread'


  Rendered /usr/local/lib/ruby/gems/1.9.1/gems/actionpack-3.2.1/lib/action_dispatch/middleware/templates/rescues/routing_error.erb within rescues/layout (0.6ms)


Started GET "/" for 127.0.0.1 at 2013-05-16 15:01:44 -0400
Processing by BrowseController#home as HTML
  [1m[36mUser Load (0.4ms)[0m  [1mSELECT "users".* FROM "users" WHERE "users"."id" = 1 LIMIT 1[0m
  Rendered browse/home.html.erb within layouts/application (1.9ms)
Completed 200 OK in 18ms (Views: 16.9ms | ActiveRecord: 0.4ms)


Started GET "/assets/bootstrap-responsive.css?body=1" for 127.0.0.1 at 2013-05-16 15:01:44 -0400
Served asset /bootstrap-responsive.css - 304 Not Modified (0ms)


Started GET "/assets/bid.css?body=1" for 127.0.0.1 at 2013-05-16 15:01:44 -0400
Served asset /bid.css - 304 Not Modified (0ms)


Started GET "/assets/application.css?body=1" for 127.0.0.1 at 2013-05-16 15:01:44 -0400
Served asset /application.css - 304 Not Modified (42ms)


Started GET "/assets/bootstrap_and_overrides.css?body=1" for 127.0.0.1 at 2013-05-16 15:01:44 -0400
Served asset /bootstrap_and_overrides.css - 304 Not Modified (3ms)


Started GET "/assets/browse.css?body=1" for 127.0.0.1 at 2013-05-16 15:01:44 -0400
Served asset /browse.css - 304 Not Modified (0ms)


Started GET "/assets/prototypes.css?body=1" for 127.0.0.1 at 2013-05-16 15:01:44 -0400
Served asset /prototypes.css - 304 Not Modified (0ms)


Started GET "/assets/scaffolds.css?body=1" for 127.0.0.1 at 2013-05-16 15:01:44 -0400
Served asset /scaffolds.css - 304 Not Modified (0ms)


Started GET "/assets/bootstrap.css?body=1" for 127.0.0.1 at 2013-05-16 15:01:44 -0400
Served asset /bootstrap.css - 304 Not Modified (5ms)


Started GET "/assets/bootstrap-transition.js?body=1" for 127.0.0.1 at 2013-05-16 15:01:44 -0400
Served asset /bootstrap-transition.js - 304 Not Modified (0ms)


Started GET "/assets/bootstrap-affix.js?body=1" for 127.0.0.1 at 2013-05-16 15:01:44 -0400
Served asset /bootstrap-affix.js - 304 Not Modified (0ms)


Started GET "/assets/bootstrap-alert.js?body=1" for 127.0.0.1 at 2013-05-16 15:01:44 -0400
Served asset /bootstrap-alert.js - 304 Not Modified (0ms)


Started GET "/assets/bootstrap-button.js?body=1" for 127.0.0.1 at 2013-05-16 15:01:44 -0400
Served asset /bootstrap-button.js - 304 Not Modified (1ms)


Started GET "/assets/bootstrap-carousel.js?body=1" for 127.0.0.1 at 2013-05-16 15:01:44 -0400
Served asset /bootstrap-carousel.js - 304 Not Modified (1ms)


Started GET "/assets/bootstrap-collapse.js?body=1" for 127.0.0.1 at 2013-05-16 15:01:44 -0400
Served asset /bootstrap-collapse.js - 304 Not Modified (0ms)


Started GET "/assets/bootstrap-dropdown.js?body=1" for 127.0.0.1 at 2013-05-16 15:01:44 -0400
Served asset /bootstrap-dropdown.js - 304 Not Modified (0ms)


Started GET "/assets/bootstrap-modal.js?body=1" for 127.0.0.1 at 2013-05-16 15:01:44 -0400
Served asset /bootstrap-modal.js - 304 Not Modified (0ms)


Started GET "/assets/bootstrap-scrollspy.js?body=1" for 127.0.0.1 at 2013-05-16 15:01:44 -0400
Served asset /bootstrap-scrollspy.js - 304 Not Modified (0ms)


Started GET "/assets/bootstrap-tab.js?body=1" for 127.0.0.1 at 2013-05-16 15:01:44 -0400
Served asset /bootstrap-tab.js - 304 Not Modified (0ms)


Started GET "/assets/bootstrap-tooltip.js?body=1" for 127.0.0.1 at 2013-05-16 15:01:44 -0400
Served asset /bootstrap-tooltip.js - 304 Not Modified (0ms)


Started GET "/assets/bootstrap-popover.js?body=1" for 127.0.0.1 at 2013-05-16 15:01:44 -0400
Served asset /bootstrap-popover.js - 304 Not Modified (0ms)


Started GET "/assets/bootstrap-typeahead.js?body=1" for 127.0.0.1 at 2013-05-16 15:01:44 -0400
Served asset /bootstrap-typeahead.js - 304 Not Modified (0ms)


Started GET "/assets/bootstrap.js?body=1" for 127.0.0.1 at 2013-05-16 15:01:44 -0400
Served asset /bootstrap.js - 304 Not Modified (1ms)


Started GET "/assets/jquery.js?body=1" for 127.0.0.1 at 2013-05-16 15:01:44 -0400
Served asset /jquery.js - 304 Not Modified (2ms)


Started GET "/assets/jquery_ujs.js?body=1" for 127.0.0.1 at 2013-05-16 15:01:45 -0400
Served asset /jquery_ujs.js - 304 Not Modified (0ms)


Started GET "/assets/bid.js?body=1" for 127.0.0.1 at 2013-05-16 15:01:45 -0400
Served asset /bid.js - 304 Not Modified (0ms)


Started GET "/assets/browse.js?body=1" for 127.0.0.1 at 2013-05-16 15:01:45 -0400
Served asset /browse.js - 304 Not Modified (0ms)


Started GET "/assets/prototypes.js?body=1" for 127.0.0.1 at 2013-05-16 15:01:45 -0400
Served asset /prototypes.js - 304 Not Modified (0ms)


Started GET "/assets/application.js?body=1" for 127.0.0.1 at 2013-05-16 15:01:45 -0400
Served asset /application.js - 304 Not Modified (1ms)


Started GET "/assets/logo.png" for 127.0.0.1 at 2013-05-16 15:01:45 -0400
Served asset /logo.png - 404 Not Found (10ms)

ActionController::RoutingError (No route matches [GET] "/assets/logo.png"):
  actionpack (3.2.1) lib/action_dispatch/middleware/debug_exceptions.rb:21:in `call'
  actionpack (3.2.1) lib/action_dispatch/middleware/show_exceptions.rb:56:in `call'
  railties (3.2.1) lib/rails/rack/logger.rb:26:in `call_app'
  railties (3.2.1) lib/rails/rack/logger.rb:16:in `call'
  actionpack (3.2.1) lib/action_dispatch/middleware/request_id.rb:22:in `call'
  rack (1.4.5) lib/rack/methodoverride.rb:21:in `call'
  rack (1.4.5) lib/rack/runtime.rb:17:in `call'
  activesupport (3.2.1) lib/active_support/cache/strategy/local_cache.rb:72:in `call'
  rack (1.4.5) lib/rack/lock.rb:15:in `call'
  actionpack (3.2.1) lib/action_dispatch/middleware/static.rb:53:in `call'
  railties (3.2.1) lib/rails/engine.rb:479:in `call'
  railties (3.2.1) lib/rails/application.rb:220:in `call'
  rack (1.4.5) lib/rack/content_length.rb:14:in `call'
  railties (3.2.1) lib/rails/rack/log_tailer.rb:14:in `call'
  rack (1.4.5) lib/rack/handler/webrick.rb:59:in `service'
  /usr/local/lib/ruby/1.9.1/webrick/httpserver.rb:138:in `service'
  /usr/local/lib/ruby/1.9.1/webrick/httpserver.rb:94:in `run'
  /usr/local/lib/ruby/1.9.1/webrick/server.rb:191:in `block in start_thread'


  Rendered /usr/local/lib/ruby/gems/1.9.1/gems/actionpack-3.2.1/lib/action_dispatch/middleware/templates/rescues/routing_error.erb within rescues/layout (0.6ms)
